\BOOKMARK [0][-]{chapter.1}{第1章 序論}{}% 1
\BOOKMARK [1][-]{section.1.1}{1.1 研究背景}{chapter.1}% 2
\BOOKMARK [1][-]{section.1.2}{1.2 本研究の目的と方法}{chapter.1}% 3
\BOOKMARK [1][-]{section.1.3}{1.3 本論文の構成}{chapter.1}% 4
\BOOKMARK [0][-]{chapter.2}{第2章 背景}{}% 5
\BOOKMARK [1][-]{section.2.1}{2.1 はじめに}{chapter.2}% 6
\BOOKMARK [1][-]{section.2.2}{2.2 背景内容1}{chapter.2}% 7
\BOOKMARK [0][-]{chapter.3}{第3章 手法と数値計算設定}{}% 8
\BOOKMARK [0][-]{chapter.4}{第4章 結果}{}% 9
\BOOKMARK [1][-]{section.4.1}{4.1 はじめに}{chapter.4}% 10
\BOOKMARK [1][-]{section.4.2}{4.2 結果1}{chapter.4}% 11
\BOOKMARK [0][-]{chapter.5}{第5章 結果2}{}% 12
\BOOKMARK [1][-]{section.5.1}{5.1 はじめに}{chapter.5}% 13
\BOOKMARK [1][-]{section.5.2}{5.2 結果2}{chapter.5}% 14
\BOOKMARK [0][-]{chapter.6}{第6章 結論と展望}{}% 15
\BOOKMARK [1][-]{section.6.1}{6.1 結論}{chapter.6}% 16
\BOOKMARK [1][-]{section.6.2}{6.2 課題と展望}{chapter.6}% 17
\BOOKMARK [0][-]{chapter*.2}{謝辞}{}% 18
\BOOKMARK [0][-]{chapter.1}{付録A 予備研究の結果}{}% 19
\BOOKMARK [0][-]{chapter.1}{付録A 解析手法について}{}% 20
